\BOOKMARK [1][-]{section.1}{Introduction}{}% 1
\BOOKMARK [1][-]{section.2}{Theory}{}% 2
\BOOKMARK [2][-]{subsection.2.1}{Governing equations}{section.2}% 3
\BOOKMARK [3][-]{subsubsection.2.1.1}{Compressible Euler Equations}{subsection.2.1}% 4
\BOOKMARK [3][-]{subsubsection.2.1.2}{Weak Formulation}{subsection.2.1}% 5
\BOOKMARK [2][-]{subsection.2.2}{Turbulence Statistics}{section.2}% 6
\BOOKMARK [3][-]{subsubsection.2.2.1}{Energy Cascade \046 Powerspectrum}{subsection.2.2}% 7
\BOOKMARK [3][-]{subsubsection.2.2.2}{Probability Distribution Functions \(PDF\)}{subsection.2.2}% 8
\BOOKMARK [2][-]{subsection.2.3}{Supersonic Shocks}{section.2}% 9
\BOOKMARK [2][-]{subsection.2.4}{Finite Element Schemes}{section.2}% 10
\BOOKMARK [3][-]{subsubsection.2.4.1}{Discontinuous Galerkin Method}{subsection.2.4}% 11
\BOOKMARK [3][-]{subsubsection.2.4.2}{Flux Functions}{subsection.2.4}% 12
\BOOKMARK [3][-]{subsubsection.2.4.3}{Time Integration}{subsection.2.4}% 13
\BOOKMARK [1][-]{section.3}{Numerical Prerequisities}{}% 14
\BOOKMARK [2][-]{subsection.3.1}{Computational Frameworks}{section.3}% 15
\BOOKMARK [2][-]{subsection.3.2}{Turbulent Forcing}{section.3}% 16
\BOOKMARK [2][-]{subsection.3.3}{Shock Capturing}{section.3}% 17
\BOOKMARK [2][-]{subsection.3.4}{Interpolation \046 Data Transfer}{section.3}% 18
\BOOKMARK [1][-]{section.4}{Results \046 Discussion}{}% 19
\BOOKMARK [2][-]{subsection.4.1}{Sod Shock Tube Problem}{section.4}% 20
\BOOKMARK [3][-]{subsubsection.4.1.1}{Adiabatic \046 Isothermal Shock}{subsection.4.1}% 21
\BOOKMARK [3][-]{subsubsection.4.1.2}{Adiabatic \046 Isothermal Sod with Strong Shock}{subsection.4.1}% 22
\BOOKMARK [1][-]{section.5}{Summary}{}% 23
\BOOKMARK [2][-]{subsection.5.1}{Driven Turbulence}{section.5}% 24
\BOOKMARK [3][-]{subsubsection.5.1.1}{Mach Number Evolution}{subsection.5.1}% 25
\BOOKMARK [3][-]{subsubsection.5.1.2}{Column Density \046 Velocity}{subsection.5.1}% 26
\BOOKMARK [3][-]{subsubsection.5.1.3}{FV-DG Mode Switching}{subsection.5.1}% 27
\BOOKMARK [3][-]{subsubsection.5.1.4}{Energy Dissipation}{subsection.5.1}% 28
\BOOKMARK [3][-]{subsubsection.5.1.5}{Density \046 Velocity Distributions}{subsection.5.1}% 29
\BOOKMARK [3][-]{subsubsection.5.1.6}{Energy \046 Velocity Powerspectra}{subsection.5.1}% 30
\BOOKMARK [3][-]{subsubsection.5.1.7}{Summary}{subsection.5.1}% 31
\BOOKMARK [2][-]{subsection.5.2}{Decaying Turbulence}{section.5}% 32
\BOOKMARK [3][-]{subsubsection.5.2.1}{Mach Number Evolution}{subsection.5.2}% 33
\BOOKMARK [3][-]{subsubsection.5.2.2}{Column Density \046 Velocity}{subsection.5.2}% 34
\BOOKMARK [3][-]{subsubsection.5.2.3}{FV-DG Mode Switching}{subsection.5.2}% 35
\BOOKMARK [3][-]{subsubsection.5.2.4}{Energy Dissipation}{subsection.5.2}% 36
\BOOKMARK [3][-]{subsubsection.5.2.5}{Density \046 Velocity Distributions}{subsection.5.2}% 37
\BOOKMARK [3][-]{subsubsection.5.2.6}{Energy \046 Velocity Powerspectra}{subsection.5.2}% 38
\BOOKMARK [3][-]{subsubsection.5.2.7}{Summary}{subsection.5.2}% 39
\BOOKMARK [1][-]{section.6}{Conclusion \046 Outlook}{}% 40
