This is pdfTeX, Version 3.14159265-2.6-1.40.17 (TeX Live 2016/Arch Linux) (preloaded format=pdflatex 2017.5.13)  12 JUN 2017 05:10
entering extended mode
 \write18 enabled.
 %&-line parsing enabled.
**main.tex
(./main.tex
LaTeX2e <2017/01/01> patch level 3
Babel <3.9r> and hyphenation patterns for 83 language(s) loaded.
(./preamble.tex (/usr/share/texmf-dist/tex/latex/koma-script/scrartcl.cls
Document Class: scrartcl 2017/01/03 v3.22 KOMA-Script document class (article)
(/usr/share/texmf-dist/tex/latex/koma-script/scrkbase.sty
Package: scrkbase 2017/01/03 v3.22 KOMA-Script package (KOMA-Script-dependent b
asics and keyval usage)

(/usr/share/texmf-dist/tex/latex/koma-script/scrbase.sty
Package: scrbase 2017/01/03 v3.22 KOMA-Script package (KOMA-Script-independent 
basics and keyval usage)

(/usr/share/texmf-dist/tex/latex/graphics/keyval.sty
Package: keyval 2014/10/28 v1.15 key=value parser (DPC)
\KV@toks@=\toks14
)
(/usr/share/texmf-dist/tex/latex/koma-script/scrlfile.sty
Package: scrlfile 2017/01/03 v3.22 KOMA-Script package (loading files)

Package scrlfile, 2017/01/03 v3.22 KOMA-Script package (loading files)
                  Copyright (C) Markus Kohm

))) (/usr/share/texmf-dist/tex/latex/koma-script/tocbasic.sty
Package: tocbasic 2017/01/03 v3.22 KOMA-Script package (handling toc-files)
\scr@dte@tocline@numberwidth=\skip41
\scr@dte@tocline@numbox=\box26
)
Package tocbasic Info: omitting babel extension for `toc'
(tocbasic)             because of feature `nobabel' available
(tocbasic)             for `toc' on input line 130.
Package tocbasic Info: omitting babel extension for `lof'
(tocbasic)             because of feature `nobabel' available
(tocbasic)             for `lof' on input line 131.
Package tocbasic Info: omitting babel extension for `lot'
(tocbasic)             because of feature `nobabel' available
(tocbasic)             for `lot' on input line 132.
Package scrartcl Info: You've used standard option `12pt'.
(scrartcl)             This is correct!
(scrartcl)             Internally I'm using `fontsize=12pt'.
(scrartcl)             If you'd like to set the option with \KOMAoptions,
(scrartcl)             you'd have to use `fontsize=12pt' there
(scrartcl)             instead of `12pt', too.
Class scrartcl Info: File `scrsize12pt.clo' used to setup font sizes on input l
ine 2053.

(/usr/share/texmf-dist/tex/latex/koma-script/scrsize12pt.clo
File: scrsize12pt.clo 2017/01/03 v3.22 KOMA-Script font size class option (12pt
)
)
(/usr/share/texmf-dist/tex/latex/koma-script/typearea.sty
Package: typearea 2017/01/03 v3.22 KOMA-Script package (type area)

Package typearea, 2017/01/03 v3.22 KOMA-Script package (type area)
                  Copyright (C) Frank Neukam, 1992-1994
                  Copyright (C) Markus Kohm, 1994-

\ta@bcor=\skip42
\ta@div=\count79
Package typearea Info: You've used standard option `a4paper'.
(typearea)             This is correct!
(typearea)             Internally I'm using `paper=a4'.
(typearea)             If you'd like to set the option with \KOMAoptions,
(typearea)             you'd have to use `paper=a4' there
(typearea)             instead of `a4paper', too.
\ta@hblk=\skip43
\ta@vblk=\skip44
\ta@temp=\skip45
\footheight=\skip46
Package typearea Info: These are the values describing the layout:
(typearea)             DIV  = 12
(typearea)             BCOR = 0.0pt
(typearea)             \paperwidth      = 597.50793pt
(typearea)              \textwidth      = 448.13095pt
(typearea)              DIV departure   = -6%
(typearea)              \evensidemargin = 2.4185pt
(typearea)              \oddsidemargin  = 2.4185pt
(typearea)             \paperheight     = 845.04694pt
(typearea)              \textheight     = 635.5pt
(typearea)              \topmargin      = -41.72441pt
(typearea)              \headheight     = 18.125pt
(typearea)              \headsep        = 21.75pt
(typearea)              \topskip        = 12.0pt
(typearea)              \footskip       = 50.75pt
(typearea)              \baselineskip   = 14.5pt
(typearea)              on input line 1583.
)
\c@part=\count80
\c@section=\count81
\c@subsection=\count82
\c@subsubsection=\count83
\c@paragraph=\count84
\c@subparagraph=\count85
\scr@dte@part@maxnumwidth=\skip47
\scr@dte@section@maxnumwidth=\skip48
\scr@dte@subsection@maxnumwidth=\skip49
\scr@dte@subsubsection@maxnumwidth=\skip50
\scr@dte@paragraph@maxnumwidth=\skip51
\scr@dte@subparagraph@maxnumwidth=\skip52
LaTeX Info: Redefining \textsubscript on input line 4076.
\abovecaptionskip=\skip53
\belowcaptionskip=\skip54
\c@pti@nb@sid@b@x=\box27
\c@figure=\count86
\c@table=\count87
Class scrartcl Info: Redefining `\numberline' on input line 5125.
\bibindent=\dimen102
) (/usr/share/texmf-dist/tex/latex/base/inputenc.sty
Package: inputenc 2015/03/17 v1.2c Input encoding file
\inpenc@prehook=\toks15
\inpenc@posthook=\toks16

(/usr/share/texmf-dist/tex/latex/base/utf8.def
File: utf8.def 2017/01/28 v1.1t UTF-8 support for inputenc
Now handling font encoding OML ...
... no UTF-8 mapping file for font encoding OML
Now handling font encoding T1 ...
... processing UTF-8 mapping file for font encoding T1

(/usr/share/texmf-dist/tex/latex/base/t1enc.dfu
File: t1enc.dfu 2017/01/28 v1.1t UTF-8 support for inputenc
   defining Unicode char U+00A0 (decimal 160)
   defining Unicode char U+00A1 (decimal 161)
   defining Unicode char U+00A3 (decimal 163)
   defining Unicode char U+00AB (decimal 171)
   defining Unicode char U+00AD (decimal 173)
   defining Unicode char U+00BB (decimal 187)
   defining Unicode char U+00BF (decimal 191)
   defining Unicode char U+00C0 (decimal 192)
   defining Unicode char U+00C1 (decimal 193)
   defining Unicode char U+00C2 (decimal 194)
   defining Unicode char U+00C3 (decimal 195)
   defining Unicode char U+00C4 (decimal 196)
   defining Unicode char U+00C5 (decimal 197)
   defining Unicode char U+00C6 (decimal 198)
   defining Unicode char U+00C7 (decimal 199)
   defining Unicode char U+00C8 (decimal 200)
   defining Unicode char U+00C9 (decimal 201)
   defining Unicode char U+00CA (decimal 202)
   defining Unicode char U+00CB (decimal 203)
   defining Unicode char U+00CC (decimal 204)
   defining Unicode char U+00CD (decimal 205)
   defining Unicode char U+00CE (decimal 206)
   defining Unicode char U+00CF (decimal 207)
   defining Unicode char U+00D0 (decimal 208)
   defining Unicode char U+00D1 (decimal 209)
   defining Unicode char U+00D2 (decimal 210)
   defining Unicode char U+00D3 (decimal 211)
   defining Unicode char U+00D4 (decimal 212)
   defining Unicode char U+00D5 (decimal 213)
   defining Unicode char U+00D6 (decimal 214)
   defining Unicode char U+00D8 (decimal 216)
   defining Unicode char U+00D9 (decimal 217)
   defining Unicode char U+00DA (decimal 218)
   defining Unicode char U+00DB (decimal 219)
   defining Unicode char U+00DC (decimal 220)
   defining Unicode char U+00DD (decimal 221)
   defining Unicode char U+00DE (decimal 222)
   defining Unicode char U+00DF (decimal 223)
   defining Unicode char U+00E0 (decimal 224)
   defining Unicode char U+00E1 (decimal 225)
   defining Unicode char U+00E2 (decimal 226)
   defining Unicode char U+00E3 (decimal 227)
   defining Unicode char U+00E4 (decimal 228)
   defining Unicode char U+00E5 (decimal 229)
   defining Unicode char U+00E6 (decimal 230)
   defining Unicode char U+00E7 (decimal 231)
   defining Unicode char U+00E8 (decimal 232)
   defining Unicode char U+00E9 (decimal 233)
   defining Unicode char U+00EA (decimal 234)
   defining Unicode char U+00EB (decimal 235)
   defining Unicode char U+00EC (decimal 236)
   defining Unicode char U+00ED (decimal 237)
   defining Unicode char U+00EE (decimal 238)
   defining Unicode char U+00EF (decimal 239)
   defining Unicode char U+00F0 (decimal 240)
   defining Unicode char U+00F1 (decimal 241)
   defining Unicode char U+00F2 (decimal 242)
   defining Unicode char U+00F3 (decimal 243)
   defining Unicode char U+00F4 (decimal 244)
   defining Unicode char U+00F5 (decimal 245)
   defining Unicode char U+00F6 (decimal 246)
   defining Unicode char U+00F8 (decimal 248)
   defining Unicode char U+00F9 (decimal 249)
   defining Unicode char U+00FA (decimal 250)
   defining Unicode char U+00FB (decimal 251)
   defining Unicode char U+00FC (decimal 252)
   defining Unicode char U+00FD (decimal 253)
   defining Unicode char U+00FE (decimal 254)
   defining Unicode char U+00FF (decimal 255)
   defining Unicode char U+0100 (decimal 256)
   defining Unicode char U+0101 (decimal 257)
   defining Unicode char U+0102 (decimal 258)
   defining Unicode char U+0103 (decimal 259)
   defining Unicode char U+0104 (decimal 260)
   defining Unicode char U+0105 (decimal 261)
   defining Unicode char U+0106 (decimal 262)
   defining Unicode char U+0107 (decimal 263)
   defining Unicode char U+0108 (decimal 264)
   defining Unicode char U+0109 (decimal 265)
   defining Unicode char U+010A (decimal 266)
   defining Unicode char U+010B (decimal 267)
   defining Unicode char U+010C (decimal 268)
   defining Unicode char U+010D (decimal 269)
   defining Unicode char U+010E (decimal 270)
   defining Unicode char U+010F (decimal 271)
   defining Unicode char U+0110 (decimal 272)
   defining Unicode char U+0111 (decimal 273)
   defining Unicode char U+0112 (decimal 274)
   defining Unicode char U+0113 (decimal 275)
   defining Unicode char U+0114 (decimal 276)
   defining Unicode char U+0115 (decimal 277)
   defining Unicode char U+0116 (decimal 278)
   defining Unicode char U+0117 (decimal 279)
   defining Unicode char U+0118 (decimal 280)
   defining Unicode char U+0119 (decimal 281)
   defining Unicode char U+011A (decimal 282)
   defining Unicode char U+011B (decimal 283)
   defining Unicode char U+011C (decimal 284)
   defining Unicode char U+011D (decimal 285)
   defining Unicode char U+011E (decimal 286)
   defining Unicode char U+011F (decimal 287)
   defining Unicode char U+0120 (decimal 288)
   defining Unicode char U+0121 (decimal 289)
   defining Unicode char U+0122 (decimal 290)
   defining Unicode char U+0123 (decimal 291)
   defining Unicode char U+0124 (decimal 292)
   defining Unicode char U+0125 (decimal 293)
   defining Unicode char U+0128 (decimal 296)
   defining Unicode char U+0129 (decimal 297)
   defining Unicode char U+012A (decimal 298)
   defining Unicode char U+012B (decimal 299)
   defining Unicode char U+012C (decimal 300)
   defining Unicode char U+012D (decimal 301)
   defining Unicode char U+012E (decimal 302)
   defining Unicode char U+012F (decimal 303)
   defining Unicode char U+0130 (decimal 304)
   defining Unicode char U+0131 (decimal 305)
   defining Unicode char U+0132 (decimal 306)
   defining Unicode char U+0133 (decimal 307)
   defining Unicode char U+0134 (decimal 308)
   defining Unicode char U+0135 (decimal 309)
   defining Unicode char U+0136 (decimal 310)
   defining Unicode char U+0137 (decimal 311)
   defining Unicode char U+0139 (decimal 313)
   defining Unicode char U+013A (decimal 314)
   defining Unicode char U+013B (decimal 315)
   defining Unicode char U+013C (decimal 316)
   defining Unicode char U+013D (decimal 317)
   defining Unicode char U+013E (decimal 318)
   defining Unicode char U+0141 (decimal 321)
   defining Unicode char U+0142 (decimal 322)
   defining Unicode char U+0143 (decimal 323)
   defining Unicode char U+0144 (decimal 324)
   defining Unicode char U+0145 (decimal 325)
   defining Unicode char U+0146 (decimal 326)
   defining Unicode char U+0147 (decimal 327)
   defining Unicode char U+0148 (decimal 328)
   defining Unicode char U+014A (decimal 330)
   defining Unicode char U+014B (decimal 331)
   defining Unicode char U+014C (decimal 332)
   defining Unicode char U+014D (decimal 333)
   defining Unicode char U+014E (decimal 334)
   defining Unicode char U+014F (decimal 335)
   defining Unicode char U+0150 (decimal 336)
   defining Unicode char U+0151 (decimal 337)
   defining Unicode char U+0152 (decimal 338)
   defining Unicode char U+0153 (decimal 339)
   defining Unicode char U+0154 (decimal 340)
   defining Unicode char U+0155 (decimal 341)
   defining Unicode char U+0156 (decimal 342)
   defining Unicode char U+0157 (decimal 343)
   defining Unicode char U+0158 (decimal 344)
   defining Unicode char U+0159 (decimal 345)
   defining Unicode char U+015A (decimal 346)
   defining Unicode char U+015B (decimal 347)
   defining Unicode char U+015C (decimal 348)
   defining Unicode char U+015D (decimal 349)
   defining Unicode char U+015E (decimal 350)
   defining Unicode char U+015F (decimal 351)
   defining Unicode char U+0160 (decimal 352)
   defining Unicode char U+0161 (decimal 353)
   defining Unicode char U+0162 (decimal 354)
   defining Unicode char U+0163 (decimal 355)
   defining Unicode char U+0164 (decimal 356)
   defining Unicode char U+0165 (decimal 357)
   defining Unicode char U+0168 (decimal 360)
   defining Unicode char U+0169 (decimal 361)
   defining Unicode char U+016A (decimal 362)
   defining Unicode char U+016B (decimal 363)
   defining Unicode char U+016C (decimal 364)
   defining Unicode char U+016D (decimal 365)
   defining Unicode char U+016E (decimal 366)
   defining Unicode char U+016F (decimal 367)
   defining Unicode char U+0170 (decimal 368)
   defining Unicode char U+0171 (decimal 369)
   defining Unicode char U+0172 (decimal 370)
   defining Unicode char U+0173 (decimal 371)
   defining Unicode char U+0174 (decimal 372)
   defining Unicode char U+0175 (decimal 373)
   defining Unicode char U+0176 (decimal 374)
   defining Unicode char U+0177 (decimal 375)
   defining Unicode char U+0178 (decimal 376)
   defining Unicode char U+0179 (decimal 377)
   defining Unicode char U+017A (decimal 378)
   defining Unicode char U+017B (decimal 379)
   defining Unicode char U+017C (decimal 380)
   defining Unicode char U+017D (decimal 381)
   defining Unicode char U+017E (decimal 382)
   defining Unicode char U+01CD (decimal 461)
   defining Unicode char U+01CE (decimal 462)
   defining Unicode char U+01CF (decimal 463)
   defining Unicode char U+01D0 (decimal 464)
   defining Unicode char U+01D1 (decimal 465)
   defining Unicode char U+01D2 (decimal 466)
   defining Unicode char U+01D3 (decimal 467)
   defining Unicode char U+01D4 (decimal 468)
   defining Unicode char U+01E2 (decimal 482)
   defining Unicode char U+01E3 (decimal 483)
   defining Unicode char U+01E6 (decimal 486)
   defining Unicode char U+01E7 (decimal 487)
   defining Unicode char U+01E8 (decimal 488)
   defining Unicode char U+01E9 (decimal 489)
   defining Unicode char U+01EA (decimal 490)
   defining Unicode char U+01EB (decimal 491)
   defining Unicode char U+01F0 (decimal 496)
   defining Unicode char U+01F4 (decimal 500)
   defining Unicode char U+01F5 (decimal 501)
   defining Unicode char U+0218 (decimal 536)
   defining Unicode char U+0219 (decimal 537)
   defining Unicode char U+021A (decimal 538)
   defining Unicode char U+021B (decimal 539)
   defining Unicode char U+0232 (decimal 562)
   defining Unicode char U+0233 (decimal 563)
   defining Unicode char U+1E02 (decimal 7682)
   defining Unicode char U+1E03 (decimal 7683)
   defining Unicode char U+200C (decimal 8204)
   defining Unicode char U+2010 (decimal 8208)
   defining Unicode char U+2011 (decimal 8209)
   defining Unicode char U+2012 (decimal 8210)
   defining Unicode char U+2013 (decimal 8211)
   defining Unicode char U+2014 (decimal 8212)
   defining Unicode char U+2015 (decimal 8213)
   defining Unicode char U+2018 (decimal 8216)
   defining Unicode char U+2019 (decimal 8217)
   defining Unicode char U+201A (decimal 8218)
   defining Unicode char U+201C (decimal 8220)
   defining Unicode char U+201D (decimal 8221)
   defining Unicode char U+201E (decimal 8222)
   defining Unicode char U+2030 (decimal 8240)
   defining Unicode char U+2031 (decimal 8241)
   defining Unicode char U+2039 (decimal 8249)
   defining Unicode char U+203A (decimal 8250)
   defining Unicode char U+2423 (decimal 9251)
   defining Unicode char U+1E20 (decimal 7712)
   defining Unicode char U+1E21 (decimal 7713)
)
Now handling font encoding OT1 ...
... processing UTF-8 mapping file for font encoding OT1

(/usr/share/texmf-dist/tex/latex/base/ot1enc.dfu
File: ot1enc.dfu 2017/01/28 v1.1t UTF-8 support for inputenc
   defining Unicode char U+00A0 (decimal 160)
   defining Unicode char U+00A1 (decimal 161)
   defining Unicode char U+00A3 (decimal 163)
   defining Unicode char U+00AD (decimal 173)
   defining Unicode char U+00B8 (decimal 184)
   defining Unicode char U+00BF (decimal 191)
   defining Unicode char U+00C5 (decimal 197)
   defining Unicode char U+00C6 (decimal 198)
   defining Unicode char U+00D8 (decimal 216)
   defining Unicode char U+00DF (decimal 223)
   defining Unicode char U+00E6 (decimal 230)
   defining Unicode char U+00EC (decimal 236)
   defining Unicode char U+00ED (decimal 237)
   defining Unicode char U+00EE (decimal 238)
   defining Unicode char U+00EF (decimal 239)
   defining Unicode char U+00F8 (decimal 248)
   defining Unicode char U+0131 (decimal 305)
   defining Unicode char U+0141 (decimal 321)
   defining Unicode char U+0142 (decimal 322)
   defining Unicode char U+0152 (decimal 338)
   defining Unicode char U+0153 (decimal 339)
   defining Unicode char U+0174 (decimal 372)
   defining Unicode char U+0175 (decimal 373)
   defining Unicode char U+0176 (decimal 374)
   defining Unicode char U+0177 (decimal 375)
   defining Unicode char U+0218 (decimal 536)
   defining Unicode char U+0219 (decimal 537)
   defining Unicode char U+021A (decimal 538)
   defining Unicode char U+021B (decimal 539)
   defining Unicode char U+2013 (decimal 8211)
   defining Unicode char U+2014 (decimal 8212)
   defining Unicode char U+2018 (decimal 8216)
   defining Unicode char U+2019 (decimal 8217)
   defining Unicode char U+201C (decimal 8220)
   defining Unicode char U+201D (decimal 8221)
)
Now handling font encoding OMS ...
... processing UTF-8 mapping file for font encoding OMS

(/usr/share/texmf-dist/tex/latex/base/omsenc.dfu
File: omsenc.dfu 2017/01/28 v1.1t UTF-8 support for inputenc
   defining Unicode char U+00A7 (decimal 167)
   defining Unicode char U+00B6 (decimal 182)
   defining Unicode char U+00B7 (decimal 183)
   defining Unicode char U+2020 (decimal 8224)
   defining Unicode char U+2021 (decimal 8225)
   defining Unicode char U+2022 (decimal 8226)
)
Now handling font encoding OMX ...
... no UTF-8 mapping file for font encoding OMX
Now handling font encoding U ...
... no UTF-8 mapping file for font encoding U
   defining Unicode char U+00A9 (decimal 169)
   defining Unicode char U+00AA (decimal 170)
   defining Unicode char U+00AE (decimal 174)
   defining Unicode char U+00BA (decimal 186)
   defining Unicode char U+02C6 (decimal 710)
   defining Unicode char U+02DC (decimal 732)
   defining Unicode char U+200C (decimal 8204)
   defining Unicode char U+2026 (decimal 8230)
   defining Unicode char U+2122 (decimal 8482)
   defining Unicode char U+2423 (decimal 9251)
))
(/usr/share/texmf-dist/tex/latex/tools/calc.sty
Package: calc 2014/10/28 v4.3 Infix arithmetic (KKT,FJ)
\calc@Acount=\count88
\calc@Bcount=\count89
\calc@Adimen=\dimen103
\calc@Bdimen=\dimen104
\calc@Askip=\skip55
\calc@Bskip=\skip56
LaTeX Info: Redefining \setlength on input line 80.
LaTeX Info: Redefining \addtolength on input line 81.
\calc@Ccount=\count90
\calc@Cskip=\skip57
)
(/usr/share/texmf-dist/tex/latex/graphics/color.sty
Package: color 2016/07/10 v1.1e Standard LaTeX Color (DPC)

(/usr/share/texmf-dist/tex/latex/graphics-cfg/color.cfg
File: color.cfg 2016/01/02 v1.6 sample color configuration
)
Package color Info: Driver file: pdftex.def on input line 147.

(/usr/share/texmf-dist/tex/latex/graphics-def/pdftex.def
File: pdftex.def 2017/01/12 v0.06k Graphics/color for pdfTeX

(/usr/share/texmf-dist/tex/generic/oberdiek/infwarerr.sty
Package: infwarerr 2016/05/16 v1.4 Providing info/warning/error messages (HO)
)
(/usr/share/texmf-dist/tex/generic/oberdiek/ltxcmds.sty
Package: ltxcmds 2016/05/16 v1.23 LaTeX kernel commands for general use (HO)
)
\Gread@gobject=\count91
))
(/usr/share/texmf-dist/tex/latex/float/float.sty
Package: float 2001/11/08 v1.3d Float enhancements (AL)
\c@float@type=\count92
\float@exts=\toks17
\float@box=\box28
\@float@everytoks=\toks18
\@floatcapt=\box29
)
(/usr/share/texmf-dist/tex/latex/mdwtools/mdwlist.sty
Package: mdwlist 1996/05/02 1.1 Various list-related things
)
(/usr/share/texmf-dist/tex/latex/marvosym/marvosym.sty
Package: marvosym 2011/07/20 v2.2 Martin Vogel's Symbols font definitions
)
(/usr/share/texmf-dist/tex/latex/amsmath/amsmath.sty
Package: amsmath 2016/11/05 v2.16a AMS math features
\@mathmargin=\skip58

For additional information on amsmath, use the `?' option.
(/usr/share/texmf-dist/tex/latex/amsmath/amstext.sty
Package: amstext 2000/06/29 v2.01 AMS text

(/usr/share/texmf-dist/tex/latex/amsmath/amsgen.sty
File: amsgen.sty 1999/11/30 v2.0 generic functions
\@emptytoks=\toks19
\ex@=\dimen105
))
(/usr/share/texmf-dist/tex/latex/amsmath/amsbsy.sty
Package: amsbsy 1999/11/29 v1.2d Bold Symbols
\pmbraise@=\dimen106
)
(/usr/share/texmf-dist/tex/latex/amsmath/amsopn.sty
Package: amsopn 2016/03/08 v2.02 operator names
)
\inf@bad=\count93
LaTeX Info: Redefining \frac on input line 213.
\uproot@=\count94
\leftroot@=\count95
LaTeX Info: Redefining \overline on input line 375.
\classnum@=\count96
\DOTSCASE@=\count97
LaTeX Info: Redefining \ldots on input line 472.
LaTeX Info: Redefining \dots on input line 475.
LaTeX Info: Redefining \cdots on input line 596.
\Mathstrutbox@=\box30
\strutbox@=\box31
\big@size=\dimen107
LaTeX Font Info:    Redeclaring font encoding OML on input line 712.
LaTeX Font Info:    Redeclaring font encoding OMS on input line 713.
\macc@depth=\count98
\c@MaxMatrixCols=\count99
\dotsspace@=\muskip10
\c@parentequation=\count100
\dspbrk@lvl=\count101
\tag@help=\toks20
\row@=\count102
\column@=\count103
\maxfields@=\count104
\andhelp@=\toks21
\eqnshift@=\dimen108
\alignsep@=\dimen109
\tagshift@=\dimen110
\tagwidth@=\dimen111
\totwidth@=\dimen112
\lineht@=\dimen113
\@envbody=\toks22
\multlinegap=\skip59
\multlinetaggap=\skip60
\mathdisplay@stack=\toks23
LaTeX Info: Redefining \[ on input line 2817.
LaTeX Info: Redefining \] on input line 2818.
)
(/usr/share/texmf-dist/tex/latex/amscls/amsthm.sty
Package: amsthm 2015/03/04 v2.20.2
\thm@style=\toks24
\thm@bodyfont=\toks25
\thm@headfont=\toks26
\thm@notefont=\toks27
\thm@headpunct=\toks28
\thm@preskip=\skip61
\thm@postskip=\skip62
\thm@headsep=\skip63
\dth@everypar=\toks29
)
(/usr/share/texmf-dist/tex/latex/amsfonts/amssymb.sty
Package: amssymb 2013/01/14 v3.01 AMS font symbols

(/usr/share/texmf-dist/tex/latex/amsfonts/amsfonts.sty
Package: amsfonts 2013/01/14 v3.01 Basic AMSFonts support
\symAMSa=\mathgroup4
\symAMSb=\mathgroup5
LaTeX Font Info:    Overwriting math alphabet `\mathfrak' in version `bold'
(Font)                  U/euf/m/n --> U/euf/b/n on input line 106.
))
(/usr/share/texmf-dist/tex/latex/booktabs/booktabs.sty
Package: booktabs 2016/04/27 v1.618033 publication quality tables
\heavyrulewidth=\dimen114
\lightrulewidth=\dimen115
\cmidrulewidth=\dimen116
\belowrulesep=\dimen117
\belowbottomsep=\dimen118
\aboverulesep=\dimen119
\abovetopsep=\dimen120
\cmidrulesep=\dimen121
\cmidrulekern=\dimen122
\defaultaddspace=\dimen123
\@cmidla=\count105
\@cmidlb=\count106
\@aboverulesep=\dimen124
\@belowrulesep=\dimen125
\@thisruleclass=\count107
\@lastruleclass=\count108
\@thisrulewidth=\dimen126
)
(/usr/share/texmf-dist/tex/latex/tools/tabularx.sty
Package: tabularx 2016/02/03 v2.11 `tabularx' package (DPC)

(/usr/share/texmf-dist/tex/latex/tools/array.sty
Package: array 2016/10/06 v2.4d Tabular extension package (FMi)
\col@sep=\dimen127
\extrarowheight=\dimen128
\NC@list=\toks30
\extratabsurround=\skip64
\backup@length=\skip65
)
\TX@col@width=\dimen129
\TX@old@table=\dimen130
\TX@old@col=\dimen131
\TX@target=\dimen132
\TX@delta=\dimen133
\TX@cols=\count109
\TX@ftn=\toks31
)
(/usr/share/texmf-dist/tex/latex/graphics/lscape.sty
Package: lscape 2000/10/22 v3.01 Landscape Pages (DPC)

(/usr/share/texmf-dist/tex/latex/graphics/graphics.sty
Package: graphics 2016/10/09 v1.0u Standard LaTeX Graphics (DPC,SPQR)

(/usr/share/texmf-dist/tex/latex/graphics/trig.sty
Package: trig 2016/01/03 v1.10 sin cos tan (DPC)
)
(/usr/share/texmf-dist/tex/latex/graphics-cfg/graphics.cfg
File: graphics.cfg 2016/06/04 v1.11 sample graphics configuration
)
Package graphics Info: Driver file: pdftex.def on input line 99.
))
(/usr/share/texmf-dist/tex/latex/mathtools/mathtools.sty
Package: mathtools 2015/11/12 v1.18 mathematical typesetting tools

(/usr/share/texmf-dist/tex/latex/mathtools/mhsetup.sty
Package: mhsetup 2010/01/21 v1.2a programming setup (MH)
)
LaTeX Info: Thecontrolsequence`\('isalreadyrobust on input line 129.
LaTeX Info: Thecontrolsequence`\)'isalreadyrobust on input line 129.
LaTeX Info: Thecontrolsequence`\['isalreadyrobust on input line 129.
LaTeX Info: Thecontrolsequence`\]'isalreadyrobust on input line 129.
\g_MT_multlinerow_int=\count110
\l_MT_multwidth_dim=\dimen134
\origjot=\skip66
\l_MT_shortvdotswithinadjustabove_dim=\dimen135
\l_MT_shortvdotswithinadjustbelow_dim=\dimen136
\l_MT_above_intertext_sep=\dimen137
\l_MT_below_intertext_sep=\dimen138
\l_MT_above_shortintertext_sep=\dimen139
\l_MT_below_shortintertext_sep=\dimen140
)
(/usr/share/texmf-dist/tex/latex/hyperref/hyperref.sty
Package: hyperref 2017/03/14 v6.85a Hypertext links for LaTeX

(/usr/share/texmf-dist/tex/generic/oberdiek/hobsub-hyperref.sty
Package: hobsub-hyperref 2016/05/16 v1.14 Bundle oberdiek, subset hyperref (HO)


(/usr/share/texmf-dist/tex/generic/oberdiek/hobsub-generic.sty
Package: hobsub-generic 2016/05/16 v1.14 Bundle oberdiek, subset generic (HO)
Package: hobsub 2016/05/16 v1.14 Construct package bundles (HO)
Package hobsub Info: Skipping package `infwarerr' (already loaded).
Package hobsub Info: Skipping package `ltxcmds' (already loaded).
Package: ifluatex 2016/05/16 v1.4 Provides the ifluatex switch (HO)
Package ifluatex Info: LuaTeX not detected.
Package: ifvtex 2016/05/16 v1.6 Detect VTeX and its facilities (HO)
Package ifvtex Info: VTeX not detected.
Package: intcalc 2016/05/16 v1.2 Expandable calculations with integers (HO)
Package: ifpdf 2017/03/15 v3.2 Provides the ifpdf switch
Package: etexcmds 2016/05/16 v1.6 Avoid name clashes with e-TeX commands (HO)
Package etexcmds Info: Could not find \expanded.
(etexcmds)             That can mean that you are not using pdfTeX 1.50 or
(etexcmds)             that some package has redefined \expanded.
(etexcmds)             In the latter case, load this package earlier.
Package: kvsetkeys 2016/05/16 v1.17 Key value parser (HO)
Package: kvdefinekeys 2016/05/16 v1.4 Define keys (HO)
Package: pdftexcmds 2017/03/19 v0.25 Utility functions of pdfTeX for LuaTeX (HO
)
Package pdftexcmds Info: LuaTeX not detected.
Package pdftexcmds Info: \pdf@primitive is available.
Package pdftexcmds Info: \pdf@ifprimitive is available.
Package pdftexcmds Info: \pdfdraftmode found.
Package: pdfescape 2016/05/16 v1.14 Implements pdfTeX's escape features (HO)
Package: bigintcalc 2016/05/16 v1.4 Expandable calculations on big integers (HO
)
Package: bitset 2016/05/16 v1.2 Handle bit-vector datatype (HO)
Package: uniquecounter 2016/05/16 v1.3 Provide unlimited unique counter (HO)
)
Package hobsub Info: Skipping package `hobsub' (already loaded).
Package: letltxmacro 2016/05/16 v1.5 Let assignment for LaTeX macros (HO)
Package: hopatch 2016/05/16 v1.3 Wrapper for package hooks (HO)
Package: xcolor-patch 2016/05/16 xcolor patch
Package: atveryend 2016/05/16 v1.9 Hooks at the very end of document (HO)
Package atveryend Info: \enddocument detected (standard20110627).
Package: atbegshi 2016/06/09 v1.18 At begin shipout hook (HO)
Package: refcount 2016/05/16 v3.5 Data extraction from label references (HO)
Package: hycolor 2016/05/16 v1.8 Color options for hyperref/bookmark (HO)
)
(/usr/share/texmf-dist/tex/generic/ifxetex/ifxetex.sty
Package: ifxetex 2010/09/12 v0.6 Provides ifxetex conditional
)
(/usr/share/texmf-dist/tex/latex/oberdiek/auxhook.sty
Package: auxhook 2016/05/16 v1.4 Hooks for auxiliary files (HO)
)
(/usr/share/texmf-dist/tex/latex/oberdiek/kvoptions.sty
Package: kvoptions 2016/05/16 v3.12 Key value format for package options (HO)
)
\@linkdim=\dimen141
\Hy@linkcounter=\count111
\Hy@pagecounter=\count112

(/usr/share/texmf-dist/tex/latex/hyperref/pd1enc.def
File: pd1enc.def 2017/03/14 v6.85a Hyperref: PDFDocEncoding definition (HO)
Now handling font encoding PD1 ...
... no UTF-8 mapping file for font encoding PD1
)
\Hy@SavedSpaceFactor=\count113

(/usr/share/texmf-dist/tex/latex/latexconfig/hyperref.cfg
File: hyperref.cfg 2002/06/06 v1.2 hyperref configuration of TeXLive
)
Package hyperref Info: Hyper figures OFF on input line 4498.
Package hyperref Info: Link nesting OFF on input line 4503.
Package hyperref Info: Hyper index ON on input line 4506.
Package hyperref Info: Plain pages OFF on input line 4513.
Package hyperref Info: Backreferencing OFF on input line 4518.
Package hyperref Info: Implicit mode ON; LaTeX internals redefined.
Package hyperref Info: Bookmarks ON on input line 4751.
\c@Hy@tempcnt=\count114

(/usr/share/texmf-dist/tex/latex/url/url.sty
\Urlmuskip=\muskip11
Package: url 2013/09/16  ver 3.4  Verb mode for urls, etc.
)
LaTeX Info: Redefining \url on input line 5104.
\XeTeXLinkMargin=\dimen142
\Fld@menulength=\count115
\Field@Width=\dimen143
\Fld@charsize=\dimen144
Package hyperref Info: Hyper figures OFF on input line 6358.
Package hyperref Info: Link nesting OFF on input line 6363.
Package hyperref Info: Hyper index ON on input line 6366.
Package hyperref Info: backreferencing OFF on input line 6373.
Package hyperref Info: Link coloring OFF on input line 6378.
Package hyperref Info: Link coloring with OCG OFF on input line 6383.
Package hyperref Info: PDF/A mode OFF on input line 6388.
LaTeX Info: Redefining \ref on input line 6428.
LaTeX Info: Redefining \pageref on input line 6432.
\Hy@abspage=\count116
\c@Item=\count117
\c@Hfootnote=\count118
)

Package hyperref Message: Driver (autodetected): hpdftex.

(/usr/share/texmf-dist/tex/latex/hyperref/hpdftex.def
File: hpdftex.def 2017/03/14 v6.85a Hyperref driver for pdfTeX
\Fld@listcount=\count119
\c@bookmark@seq@number=\count120

(/usr/share/texmf-dist/tex/latex/oberdiek/rerunfilecheck.sty
Package: rerunfilecheck 2016/05/16 v1.8 Rerun checks for auxiliary files (HO)
Package uniquecounter Info: New unique counter `rerunfilecheck' on input line 2
82.
)
\Hy@SectionHShift=\skip67
)

Class scrartcl Warning: Usage of package `parskip' together
(scrartcl)              with a KOMA-Script class is not recommended.
(scrartcl)              I'd suggest to use option
(scrartcl)              `parskip' with one of it's several values.
(scrartcl)              Nevertheless, using requested
(scrartcl)              package `parskip' on input line 35.

(/usr/share/texmf-dist/tex/latex/parskip/parskip.sty
Package: parskip 2001/04/09 non-zero parskip adjustments
)
(/usr/share/texmf-dist/tex/latex/geometry/geometry.sty
Package: geometry 2010/09/12 v5.6 Page Geometry
\Gm@cnth=\count121
\Gm@cntv=\count122
\c@Gm@tempcnt=\count123
\Gm@bindingoffset=\dimen145
\Gm@wd@mp=\dimen146
\Gm@odd@mp=\dimen147
\Gm@even@mp=\dimen148
\Gm@layoutwidth=\dimen149
\Gm@layoutheight=\dimen150
\Gm@layouthoffset=\dimen151
\Gm@layoutvoffset=\dimen152
\Gm@dimlist=\toks32
)
(/usr/share/texmf-dist/tex/latex/lm/lmodern.sty
Package: lmodern 2009/10/30 v1.6 Latin Modern Fonts
LaTeX Font Info:    Overwriting symbol font `operators' in version `normal'
(Font)                  OT1/cmr/m/n --> OT1/lmr/m/n on input line 22.
LaTeX Font Info:    Overwriting symbol font `letters' in version `normal'
(Font)                  OML/cmm/m/it --> OML/lmm/m/it on input line 23.
LaTeX Font Info:    Overwriting symbol font `symbols' in version `normal'
(Font)                  OMS/cmsy/m/n --> OMS/lmsy/m/n on input line 24.
LaTeX Font Info:    Overwriting symbol font `largesymbols' in version `normal'
(Font)                  OMX/cmex/m/n --> OMX/lmex/m/n on input line 25.
LaTeX Font Info:    Overwriting symbol font `operators' in version `bold'
(Font)                  OT1/cmr/bx/n --> OT1/lmr/bx/n on input line 26.
LaTeX Font Info:    Overwriting symbol font `letters' in version `bold'
(Font)                  OML/cmm/b/it --> OML/lmm/b/it on input line 27.
LaTeX Font Info:    Overwriting symbol font `symbols' in version `bold'
(Font)                  OMS/cmsy/b/n --> OMS/lmsy/b/n on input line 28.
LaTeX Font Info:    Overwriting symbol font `largesymbols' in version `bold'
(Font)                  OMX/cmex/m/n --> OMX/lmex/m/n on input line 29.
LaTeX Font Info:    Overwriting math alphabet `\mathbf' in version `normal'
(Font)                  OT1/cmr/bx/n --> OT1/lmr/bx/n on input line 31.
LaTeX Font Info:    Overwriting math alphabet `\mathsf' in version `normal'
(Font)                  OT1/cmss/m/n --> OT1/lmss/m/n on input line 32.
LaTeX Font Info:    Overwriting math alphabet `\mathit' in version `normal'
(Font)                  OT1/cmr/m/it --> OT1/lmr/m/it on input line 33.
LaTeX Font Info:    Overwriting math alphabet `\mathtt' in version `normal'
(Font)                  OT1/cmtt/m/n --> OT1/lmtt/m/n on input line 34.
LaTeX Font Info:    Overwriting math alphabet `\mathbf' in version `bold'
(Font)                  OT1/cmr/bx/n --> OT1/lmr/bx/n on input line 35.
LaTeX Font Info:    Overwriting math alphabet `\mathsf' in version `bold'
(Font)                  OT1/cmss/bx/n --> OT1/lmss/bx/n on input line 36.
LaTeX Font Info:    Overwriting math alphabet `\mathit' in version `bold'
(Font)                  OT1/cmr/bx/it --> OT1/lmr/bx/it on input line 37.
LaTeX Font Info:    Overwriting math alphabet `\mathtt' in version `bold'
(Font)                  OT1/cmtt/m/n --> OT1/lmtt/m/n on input line 38.
)
(/usr/share/texmf-dist/tex/latex/base/fontenc.sty
Package: fontenc 2017/02/22 v2.0g Standard LaTeX package

(/usr/share/texmf-dist/tex/latex/base/t1enc.def
File: t1enc.def 2017/02/22 v2.0g Standard LaTeX file
LaTeX Font Info:    Redeclaring font encoding T1 on input line 48.
))
(/usr/share/texmf-dist/tex/latex/caption/caption.sty
Package: caption 2016/02/21 v3.3-144 Customizing captions (AR)

(/usr/share/texmf-dist/tex/latex/caption/caption3.sty
Package: caption3 2016/05/22 v1.7-166 caption3 kernel (AR)
Package caption3 Info: TeX engine: e-TeX on input line 67.
\captionmargin=\dimen153
\captionmargin@=\dimen154
\captionwidth=\dimen155
\caption@tempdima=\dimen156
\caption@indent=\dimen157
\caption@parindent=\dimen158
\caption@hangindent=\dimen159
)
Package caption Info: KOMA-Script document class.
\c@ContinuedFloat=\count124
Package caption Info: float package is loaded.
Package caption Info: hyperref package is loaded.
)
(/usr/share/texmf-dist/tex/latex/graphics/graphicx.sty
Package: graphicx 2014/10/28 v1.0g Enhanced LaTeX Graphics (DPC,SPQR)
\Gin@req@height=\dimen160
\Gin@req@width=\dimen161
)
\c@mydef=\count125
) (aux/main.aux)
\openout1 = `main.aux'.

LaTeX Font Info:    Checking defaults for OML/cmm/m/it on input line 3.
LaTeX Font Info:    ... okay on input line 3.
LaTeX Font Info:    Checking defaults for T1/cmr/m/n on input line 3.
LaTeX Font Info:    ... okay on input line 3.
LaTeX Font Info:    Checking defaults for OT1/cmr/m/n on input line 3.
LaTeX Font Info:    ... okay on input line 3.
LaTeX Font Info:    Checking defaults for OMS/cmsy/m/n on input line 3.
LaTeX Font Info:    ... okay on input line 3.
LaTeX Font Info:    Checking defaults for OMX/cmex/m/n on input line 3.
LaTeX Font Info:    ... okay on input line 3.
LaTeX Font Info:    Checking defaults for U/cmr/m/n on input line 3.
LaTeX Font Info:    ... okay on input line 3.
LaTeX Font Info:    Checking defaults for PD1/pdf/m/n on input line 3.
LaTeX Font Info:    ... okay on input line 3.
LaTeX Font Info:    Try loading font information for T1+lmr on input line 3.

(/usr/share/texmf-dist/tex/latex/lm/t1lmr.fd
File: t1lmr.fd 2009/10/30 v1.6 Font defs for Latin Modern
)
(/usr/share/texmf-dist/tex/context/base/mkii/supp-pdf.mkii
[Loading MPS to PDF converter (version 2006.09.02).]
\scratchcounter=\count126
\scratchdimen=\dimen162
\scratchbox=\box32
\nofMPsegments=\count127
\nofMParguments=\count128
\everyMPshowfont=\toks33
\MPscratchCnt=\count129
\MPscratchDim=\dimen163
\MPnumerator=\count130
\makeMPintoPDFobject=\count131
\everyMPtoPDFconversion=\toks34
) (/usr/share/texmf-dist/tex/latex/oberdiek/epstopdf-base.sty
Package: epstopdf-base 2016/05/15 v2.6 Base part for package epstopdf

(/usr/share/texmf-dist/tex/latex/oberdiek/grfext.sty
Package: grfext 2016/05/16 v1.2 Manage graphics extensions (HO)
)
Package epstopdf-base Info: Redefining graphics rule for `.eps' on input line 4
38.
Package grfext Info: Graphics extension search list:
(grfext)             [.png,.pdf,.jpg,.mps,.jpeg,.jbig2,.jb2,.PNG,.PDF,.JPG,.JPE
G,.JBIG2,.JB2,.eps]
(grfext)             \AppendGraphicsExtensions on input line 456.

(/usr/share/texmf-dist/tex/latex/latexconfig/epstopdf-sys.cfg
File: epstopdf-sys.cfg 2010/07/13 v1.3 Configuration of (r)epstopdf for TeX Liv
e
))
\AtBeginShipoutBox=\box33
Package hyperref Info: Link coloring OFF on input line 3.

(/usr/share/texmf-dist/tex/latex/hyperref/nameref.sty
Package: nameref 2016/05/21 v2.44 Cross-referencing by name of section

(/usr/share/texmf-dist/tex/generic/oberdiek/gettitlestring.sty
Package: gettitlestring 2016/05/16 v1.5 Cleanup title references (HO)
)
\c@section@level=\count132
)
LaTeX Info: Redefining \ref on input line 3.
LaTeX Info: Redefining \pageref on input line 3.
LaTeX Info: Redefining \nameref on input line 3.
 (aux/main.out) (aux/main.out)
\@outlinefile=\write3
\openout3 = `main.out'.


*geometry* driver: auto-detecting
*geometry* detected driver: pdftex
*geometry* verbose mode - [ preamble ] result:
* driver: pdftex
* paper: a4paper
* layout: <same size as paper>
* layoutoffset:(h,v)=(0.0pt,0.0pt)
* modes: 
* h-part:(L,W,R)=(56.90552pt, 483.69684pt, 56.90552pt)
* v-part:(T,H,B)=(53.49118pt, 711.3189pt, 80.23677pt)
* \paperwidth=597.50787pt
* \paperheight=845.04684pt
* \textwidth=483.69684pt
* \textheight=711.3189pt
* \oddsidemargin=-15.36447pt
* \evensidemargin=-15.36447pt
* \topmargin=-58.65381pt
* \headheight=18.125pt
* \headsep=21.75pt
* \topskip=12.0pt
* \footskip=50.75pt
* \marginparwidth=49.79233pt
* \marginparsep=12.8401pt
* \columnsep=10.0pt
* \skip\footins=10.8pt plus 4.0pt minus 2.0pt
* \hoffset=0.0pt
* \voffset=0.0pt
* \mag=1000
* \@twocolumnfalse
* \@twosidefalse
* \@mparswitchfalse
* \@reversemarginfalse
* (1in=72.27pt=25.4mm, 1cm=28.453pt)

Package caption Info: Begin \AtBeginDocument code.
Package caption Info: End \AtBeginDocument code.
(./frp/frontpage.tex
<./frp/uni_koeln_logo.jpg, id=164, 626.5809pt x 118.7637pt>
File: ./frp/uni_koeln_logo.jpg Graphic file (type jpg)

<use ./frp/uni_koeln_logo.jpg>
Package pdftex.def Info: ./frp/uni_koeln_logo.jpg used on input line 8.
(pdftex.def)             Requested size: 386.95894pt x 73.34639pt.

<./frp/logo-astrophysik.png, id=165, 307.1475pt x 165.61874pt>
File: ./frp/logo-astrophysik.png Graphic file (type png)

<use ./frp/logo-astrophysik.png>
Package pdftex.def Info: ./frp/logo-astrophysik.png used on input line 28.
(pdftex.def)             Requested size: 193.47577pt x 104.32518pt.
 [1

{/var/lib/texmf/fonts/map/pdftex/updmap/pdftex.map} <./frp/uni_koeln_logo.jpg> 
<./frp/logo-astrophysik.png>]) [2


]
(./sections/00-preface/main.tex (./sections/00-preface/01-acknowledgment.tex
LaTeX Font Info:    Try loading font information for T1+lmss on input line 1.

(/usr/share/texmf-dist/tex/latex/lm/t1lmss.fd
File: t1lmss.fd 2009/10/30 v1.6 Font defs for Latin Modern
)) [1] [2]
(./sections/00-preface/02-authorship.tex
LaTeX Font Info:    Try loading font information for OT1+lmr on input line 23.

(/usr/share/texmf-dist/tex/latex/lm/ot1lmr.fd
File: ot1lmr.fd 2009/10/30 v1.6 Font defs for Latin Modern
)
LaTeX Font Info:    Try loading font information for OML+lmm on input line 23.

(/usr/share/texmf-dist/tex/latex/lm/omllmm.fd
File: omllmm.fd 2009/10/30 v1.6 Font defs for Latin Modern
)
LaTeX Font Info:    Try loading font information for OMS+lmsy on input line 23.


(/usr/share/texmf-dist/tex/latex/lm/omslmsy.fd
File: omslmsy.fd 2009/10/30 v1.6 Font defs for Latin Modern
)
LaTeX Font Info:    Try loading font information for OMX+lmex on input line 23.


(/usr/share/texmf-dist/tex/latex/lm/omxlmex.fd
File: omxlmex.fd 2009/10/30 v1.6 Font defs for Latin Modern
)
LaTeX Font Info:    External font `lmex10' loaded for size
(Font)              <12> on input line 23.
LaTeX Font Info:    External font `lmex10' loaded for size
(Font)              <8> on input line 23.
LaTeX Font Info:    External font `lmex10' loaded for size
(Font)              <6> on input line 23.
LaTeX Font Info:    Try loading font information for U+msa on input line 23.

(/usr/share/texmf-dist/tex/latex/amsfonts/umsa.fd
File: umsa.fd 2013/01/14 v3.01 AMS symbols A
)
LaTeX Font Info:    Try loading font information for U+msb on input line 23.

(/usr/share/texmf-dist/tex/latex/amsfonts/umsb.fd
File: umsb.fd 2013/01/14 v3.01 AMS symbols B
)) [3] [4]
(./sections/00-preface/03-abstract.tex
LaTeX Font Info:    External font `lmex10' loaded for size
(Font)              <10> on input line 38.
LaTeX Font Info:    External font `lmex10' loaded for size
(Font)              <7> on input line 38.
LaTeX Font Info:    External font `lmex10' loaded for size
(Font)              <5> on input line 38.
 [5]
Overfull \hbox (24.77693pt too wide) in paragraph at lines 43--50
[] []\T1/lmss/bx/n/12 Zusammenfassung[][] \T1/lmr/m/n/12 Fi-nite Vol-u-men Ver-
fahren (FV) sind ein etablierter nu-merischer Lö-sungsansatz
 []


Overfull \hbox (20.67194pt too wide) in paragraph at lines 60--71
\T1/lmr/m/n/12 (DG) schnellere Kon-ver-genz, weniger Dif-fu-sion und Dis-per-si
on, gün-stigere Volumen-zu-Oberflächen-
 []

) [6] (aux/main.lof [7] [8] [9] [10])
\tf@lof=\write4
\openout4 = `main.lof'.

 (aux/main.lot [11])
\tf@lot=\write5
\openout5 = `main.lot'.

 [12] [13] [14])
(aux/main.toc)
\tf@toc=\write6
\openout6 = `main.toc'.

 [1] (./sections/01-intro/main.texpdfTeX warning (ext4): destination with the s
ame identifier (name{page.1}) has been already used, duplicate ignored
<to be read again> 
                   \relax 
l.60 \newpage
              [1


]) (./sections/02-theory/main.tex
(./sections/02-theory/01-equation.texpdfTeX warning (ext4): destination with th
e same identifier (name{page.2}) has been already used, duplicate ignored
<to be read again> 
                   \relax 
l.65 \paragraph
               {Equation of State} [2] [3] [4]
Overfull \hbox (17.79341pt too wide) in paragraph at lines 187--191
\T1/lmr/m/n/12 Defining a vector-valued test func-tion $\OML/lmm/m/it/12 ^^^ \O
T1/lmr/m/n/12 = (0\OML/lmm/m/it/12 ; ::; \OT1/lmr/m/n/12 0\OML/lmm/m/it/12 ; ^^
^[]; \OT1/lmr/m/n/12 0\OML/lmm/m/it/12 ; :::; \OT1/lmr/m/n/12 0)[]$ \T1/lmr/m/n
/12 ($\OML/lmm/m/it/12 i \OMS/lmsy/m/n/12 2 []$\T1/lmr/m/n/12 ), mul-ti-ply-ing
 component-
 []

) (./sections/02-theory/02-turbulence.tex [5] [6] [7]
<./fig/energy-cascade-schematic.png, id=795, 903.375pt x 626.34pt>
File: ./fig/energy-cascade-schematic.png Graphic file (type png)

<use ./fig/energy-cascade-schematic.png>
Package pdftex.def Info: ./fig/energy-cascade-schematic.png used on input line 
212.
(pdftex.def)             Requested size: 386.95894pt x 268.29832pt.
LaTeX Font Info:    External font `lmex10' loaded for size
(Font)              <10.95> on input line 212.
 [8] [9 <./fig/energy-cascade-schematic.png (PNG copy)>] [10]) (./sections/02-t
heory/03-shocks.tex
<./fig/plots/burgers/solution.png, id=864, 572.1375pt x 197.73875pt>
File: ./fig/plots/burgers/solution.png Graphic file (type png)

<use ./fig/plots/burgers/solution.png>
Package pdftex.def Info: ./fig/plots/burgers/solution.png used on input line 45
.
(pdftex.def)             Requested size: 386.95894pt x 133.73944pt.

<./fig/plots/burgers/characteristics.png, id=867, 568.1225pt x 131.49126pt>
File: ./fig/plots/burgers/characteristics.png Graphic file (type png)

<use ./fig/plots/burgers/characteristics.png>
Package pdftex.def Info: ./fig/plots/burgers/characteristics.png used on input 
line 54.
(pdftex.def)             Requested size: 386.95894pt x 89.56534pt.
 [11]
<./fig/plots/burgers/ringing.png, id=885, 642.4pt x 481.8pt>
File: ./fig/plots/burgers/ringing.png Graphic file (type png)

<use ./fig/plots/burgers/ringing.png>
Package pdftex.def Info: ./fig/plots/burgers/ringing.png used on input line 75.

(pdftex.def)             Requested size: 338.5863pt x 253.94861pt.
)
(./sections/02-theory/04-finite-element-scheme.tex [12 <./fig/plots/burgers/sol
ution.png> <./fig/plots/burgers/characteristics.png>])
(./sections/02-theory/05-polynome-ansatz.tex [13 <./fig/plots/burgers/ringing.p
ng>]
LaTeX Font Info:    Try loading font information for OMS+lmr on input line 28.
 (/usr/share/texmf-dist/tex/latex/lm/omslmr.fd
File: omslmr.fd 2009/10/30 v1.6 Font defs for Latin Modern
)
LaTeX Font Info:    Font shape `OMS/lmr/m/n' in size <12> not available
(Font)              Font shape `OMS/lmsy/m/n' tried instead on input line 28.

Overfull \hbox (3.6455pt too wide) in paragraph at lines 85--85
[] 
 []

[14] <./fig/lagrange-interpolation-1d.png, id=921, 841.1425pt x 453.695pt>
File: ./fig/lagrange-interpolation-1d.png Graphic file (type png)

<use ./fig/lagrange-interpolation-1d.png>
Package pdftex.def Info: ./fig/lagrange-interpolation-1d.png used on input line
 106.
(pdftex.def)             Requested size: 386.95894pt x 208.71608pt.

Overfull \hbox (0.8065pt too wide) in paragraph at lines 154--154
[] 
 []

[15 <./fig/lagrange-interpolation-1d.png>]
Overfull \hbox (28.70027pt too wide) in paragraph at lines 181--181
[] 
 []

) (./sections/02-theory/07-time-integration.tex [16] [17])
(./sections/02-theory/06-flux.tex) [18]) (./sections/03-setup/main.tex
(./sections/03-setup/01-frameworks.tex [19])
(./sections/03-setup/02-forcing.tex [20]
<./fig/plots/forcing/rk3-hy-initial-forcing.png, id=1027, 1417.9374pt x 656.211
6pt>
File: ./fig/plots/forcing/rk3-hy-initial-forcing.png Graphic file (type png)
 <use ./fig/plots/forcing/rk3-hy-initial-forcing.png>
Package pdftex.def Info: ./fig/plots/forcing/rk3-hy-initial-forcing.png used on
 input line 69.
(pdftex.def)             Requested size: 483.69684pt x 223.84995pt.

<./fig/plots/forcing/powerspectrum.png, id=1028, 859.21pt x 425.59pt>
File: ./fig/plots/forcing/powerspectrum.png Graphic file (type png)

<use ./fig/plots/forcing/powerspectrum.png>
Package pdftex.def Info: ./fig/plots/forcing/powerspectrum.png used on input li
ne 75.
(pdftex.def)             Requested size: 483.69684pt x 239.5886pt.

<./fig/plots/forcing/b5-full-turbulence.png, id=1031, 1417.9374pt x 656.2116pt>
File: ./fig/plots/forcing/b5-full-turbulence.png Graphic file (type png)
<use ./fig/plots/forcing/b5-full-turbulence.png>
Package pdftex.def Info: ./fig/plots/forcing/b5-full-turbulence.png used on inp
ut line 80.
(pdftex.def)             Requested size: 483.69684pt x 223.84995pt.
 [21 <./fig/plots/forcing/rk3-hy-initial-forcing.png>]) (./sections/03-setup/03
-capturing.tex [22 <./fig/plots/forcing/powerspectrum.png> <./fig/plots/forcing
/b5-full-turbulence.png>]
<./fig/expansion-modes.png, id=1051, 635.37375pt x 509.905pt>
File: ./fig/expansion-modes.png Graphic file (type png)

<use ./fig/expansion-modes.png>
Package pdftex.def Info: ./fig/expansion-modes.png used on input line 43.
(pdftex.def)             Requested size: 290.22105pt x 232.91745pt.
 [23 <./fig/expansion-modes.png>] [24]
<./fig/indicator-slice.png, id=1085, 1016.79875pt x 859.21pt>
File: ./fig/indicator-slice.png Graphic file (type png)

<use ./fig/indicator-slice.png>
Package pdftex.def Info: ./fig/indicator-slice.png used on input line 146.
(pdftex.def)             Requested size: 386.95894pt x 326.98828pt.

<./fig/indicator-pdf.png, id=1089, 730.73pt x 376.40625pt>
File: ./fig/indicator-pdf.png Graphic file (type png)

<use ./fig/indicator-pdf.png>
Package pdftex.def Info: ./fig/indicator-pdf.png used on input line 151.
(pdftex.def)             Requested size: 435.32419pt x 224.2373pt.
) (./sections/03-setup/04-interpolation.tex
[25 <./fig/indicator-slice.png>]
<./fig/grid-spaces.png, id=1101, 349.7868pt x 252.2223pt>
File: ./fig/grid-spaces.png Graphic file (type png)

<use ./fig/grid-spaces.png>
Package pdftex.def Info: ./fig/grid-spaces.png used on input line 23.
(pdftex.def)             Requested size: 241.84842pt x 174.39148pt.
 [26 <./fig/indicator-pdf.png> <./fig/grid-spaces.png>]
<./fig/plots/interpolation/2d-third-order.png, id=1117, 1420.30624pt x 440.6462
6pt>
File: ./fig/plots/interpolation/2d-third-order.png Graphic file (type png)
 <use ./fig/plots/interpolation/2d-third-order.png>
Package pdftex.def Info: ./fig/plots/interpolation/2d-third-order.png used on i
nput line 57.
(pdftex.def)             Requested size: 483.69684pt x 150.06651pt.


LaTeX Font Warning: Font shape `T1/lmss/bx/sc' undefined
(Font)              using `T1/lmss/bx/n' instead on input line 95.

[27 <./fig/plots/interpolation/2d-third-order.png>]
<./fig/plots/interpolation/flexi-column-density.png, id=1131, 750.8853pt x 337.
5009pt>
File: ./fig/plots/interpolation/flexi-column-density.png Graphic file (type png
)
 <use ./fig/plots/interpolation/flexi-column-density.png>
Package pdftex.def Info: ./fig/plots/interpolation/flexi-column-density.png use
d on input line 129.
(pdftex.def)             Requested size: 483.69684pt x 217.40575pt.

<./fig/plots/interpolation/density-ray.png, id=1134, 718.3638pt x 394.5942pt>
File: ./fig/plots/interpolation/density-ray.png Graphic file (type png)

<use ./fig/plots/interpolation/density-ray.png>
Package pdftex.def Info: ./fig/plots/interpolation/density-ray.png used on inpu
t line 137.
(pdftex.def)             Requested size: 386.95894pt x 212.55988pt.
) [28 <./fig/plots/interpolation/flexi-column-density.png>] [29 <./fig/plots/in
terpolation/density-ray.png>])
(./sections/04-results/main.tex (./sections/04-results/01-sod.tex
Overfull \hbox (3.2109pt too wide) in paragraph at lines 42--56
 [][] 
 []

<./fig/plots/sod/adiabatic/density.png, id=1151, 726.715pt x 390.45876pt>
File: ./fig/plots/sod/adiabatic/density.png Graphic file (type png)

<use ./fig/plots/sod/adiabatic/density.png>
Package pdftex.def Info: ./fig/plots/sod/adiabatic/density.png used on input li
ne 79.
(pdftex.def)             Requested size: 483.69684pt x 259.89012pt.

<./fig/plots/sod/isothermal/density.png, id=1153, 726.715pt x 390.45876pt>
File: ./fig/plots/sod/isothermal/density.png Graphic file (type png)

<use ./fig/plots/sod/isothermal/density.png>
Package pdftex.def Info: ./fig/plots/sod/isothermal/density.png used on input l
ine 83.
(pdftex.def)             Requested size: 483.69684pt x 259.89012pt.
 [30] [31 <./fig/plots/sod/adiabatic/density.png> <./fig/plots/sod/isothermal/d
ensity.png>]
<./fig/plots/sod/adiabatic-supersonic/density.png, id=1166, 730.73pt x 388.4512
5pt>
File: ./fig/plots/sod/adiabatic-supersonic/density.png Graphic file (type png)
 <use ./fig/plots/sod/adiabatic-supersonic/density.png>
Package pdftex.def Info: ./fig/plots/sod/adiabatic-supersonic/density.png used 
on input line 117.
(pdftex.def)             Requested size: 483.69684pt x 257.13136pt.

<./fig/plots/sod/isothermal-supersonic/density.png, id=1167, 727.71875pt x 390.
45876pt>
File: ./fig/plots/sod/isothermal-supersonic/density.png Graphic file (type png)

 <use ./fig/plots/sod/isothermal-supersonic/density.png>
Package pdftex.def Info: ./fig/plots/sod/isothermal-supersonic/density.png used
 on input line 123.
(pdftex.def)             Requested size: 483.69684pt x 259.5386pt.
 [32 <./fig/plots/sod/adiabatic-supersonic/density.png>]) (./sections/04-result
s/02-driven.tex [33 <./fig/plots/sod/isothermal-supersonic/density.png>]
<./fig/plots/stirturb/evolutions/sonic-mach.png, id=1197, 729.72626pt x 392.466
25pt>
File: ./fig/plots/stirturb/evolutions/sonic-mach.png Graphic file (type png)
 <use ./fig/plots/stirturb/evolutions/sonic-mach.png>
Package pdftex.def Info: ./fig/plots/stirturb/evolutions/sonic-mach.png used on
 input line 103.
(pdftex.def)             Requested size: 483.69684pt x 260.14238pt.
 [34]
<./fig/plots/stirturb/snapshots/forcing-stop-01.png, id=1212, 1417.9374pt x 194
9.1219pt>
File: ./fig/plots/stirturb/snapshots/forcing-stop-01.png Graphic file (type png
)
 <use ./fig/plots/stirturb/snapshots/forcing-stop-01.png>
Package pdftex.def Info: ./fig/plots/stirturb/snapshots/forcing-stop-01.png use
d on input line 143.
(pdftex.def)             Requested size: 483.69684pt x 664.89354pt.
 [35 <./fig/plots/stirturb/evolutions/sonic-mach.png>]
<./fig/plots/stirturb/snapshots/forcing-stop-02.png, id=1218, 1417.9374pt x 194
9.1219pt>
File: ./fig/plots/stirturb/snapshots/forcing-stop-02.png Graphic file (type png
)
 <use ./fig/plots/stirturb/snapshots/forcing-stop-02.png>
Package pdftex.def Info: ./fig/plots/stirturb/snapshots/forcing-stop-02.png use
d on input line 146.
(pdftex.def)             Requested size: 483.69684pt x 664.89354pt.
 [36 <./fig/plots/stirturb/snapshots/forcing-stop-01.png>]
<./fig/plots/stirturb/snapshots/forcing-stop-03.png, id=1224, 1417.9374pt x 129
9.4146pt>
File: ./fig/plots/stirturb/snapshots/forcing-stop-03.png Graphic file (type png
)
 <use ./fig/plots/stirturb/snapshots/forcing-stop-03.png>
Package pdftex.def Info: ./fig/plots/stirturb/snapshots/forcing-stop-03.png use
d on input line 149.
(pdftex.def)             Requested size: 483.69684pt x 443.26236pt.
 [37 <./fig/plots/stirturb/snapshots/forcing-stop-02.png>]
<./fig/plots/stirturb/snapshots/decay-01.png, id=1230, 1417.9374pt x 1949.1219p
t>
File: ./fig/plots/stirturb/snapshots/decay-01.png Graphic file (type png)
 <use ./fig/plots/stirturb/snapshots/decay-01.png>
Package pdftex.def Info: ./fig/plots/stirturb/snapshots/decay-01.png used on in
put line 152.
(pdftex.def)             Requested size: 483.69684pt x 664.89354pt.
 [38 <./fig/plots/stirturb/snapshots/forcing-stop-03.png>]
<./fig/plots/stirturb/snapshots/decay-02.png, id=1237, 1417.9374pt x 1949.1219p
t>
File: ./fig/plots/stirturb/snapshots/decay-02.png Graphic file (type png)
 <use ./fig/plots/stirturb/snapshots/decay-02.png>
Package pdftex.def Info: ./fig/plots/stirturb/snapshots/decay-02.png used on in
put line 155.
(pdftex.def)             Requested size: 483.69684pt x 664.89354pt.
 [39 <./fig/plots/stirturb/snapshots/decay-01.png>]
<./fig/plots/stirturb/snapshots/decay-03.png, id=1243, 1417.9374pt x 1299.4146p
t>
File: ./fig/plots/stirturb/snapshots/decay-03.png Graphic file (type png)
 <use ./fig/plots/stirturb/snapshots/decay-03.png>
Package pdftex.def Info: ./fig/plots/stirturb/snapshots/decay-03.png used on in
put line 158.
(pdftex.def)             Requested size: 483.69684pt x 443.26236pt.
 [40 <./fig/plots/stirturb/snapshots/decay-02.png>] [41 <./fig/plots/stirturb/s
napshots/decay-03.png>]
<./fig/plots/stirturb/evolutions/ratio-fv-dg.png, id=1258, 738.76pt x 392.46625
pt>
File: ./fig/plots/stirturb/evolutions/ratio-fv-dg.png Graphic file (type png)
 <use ./fig/plots/stirturb/evolutions/ratio-fv-dg.png>
Package pdftex.def Info: ./fig/plots/stirturb/evolutions/ratio-fv-dg.png used o
n input line 192.
(pdftex.def)             Requested size: 483.69684pt x 256.96246pt.
 [42 <./fig/plots/stirturb/evolutions/ratio-fv-dg.png>]
<./fig/plots/stirturb/evolutions/ener.png, id=1265, 720.6925pt x 392.46625pt>
File: ./fig/plots/stirturb/evolutions/ener.png Graphic file (type png)

<use ./fig/plots/stirturb/evolutions/ener.png>
Package pdftex.def Info: ./fig/plots/stirturb/evolutions/ener.png used on input
 line 206.
(pdftex.def)             Requested size: 483.69684pt x 263.40613pt.

<./fig/plots/stirturb/evolutions/ekin-dissipation.png, id=1271, 727.71875pt x 3
92.46625pt>
File: ./fig/plots/stirturb/evolutions/ekin-dissipation.png Graphic file (type p
ng)
 <use ./fig/plots/stirturb/evolutions/ekin-dissipation.png>
Package pdftex.def Info: ./fig/plots/stirturb/evolutions/ekin-dissipation.png u
sed on input line 238.
(pdftex.def)             Requested size: 483.69684pt x 260.87299pt.

<./fig/plots/stirturb/evolutions/ekin-dissipation-cumsum.png, id=1272, 731.7337
5pt x 392.46625pt>
File: ./fig/plots/stirturb/evolutions/ekin-dissipation-cumsum.png Graphic file 
(type png)

<use ./fig/plots/stirturb/evolutions/ekin-dissipation-cumsum.png>
Package pdftex.def Info: ./fig/plots/stirturb/evolutions/ekin-dissipation-cumsu
m.png used on input line 244.
(pdftex.def)             Requested size: 483.69684pt x 259.43573pt.
 [43 <./fig/plots/stirturb/evolutions/ener.png>] [44 <./fig/plots/stirturb/evol
utions/ekin-dissipation.png> <./fig/plots/stirturb/evolutions/ekin-dissipation-
cumsum.png>]
<./fig/plots/stirturb/pdfs/dens-vw-dyntimes.png, id=1291, 859.21pt x 425.59pt>
File: ./fig/plots/stirturb/pdfs/dens-vw-dyntimes.png Graphic file (type png)

<use ./fig/plots/stirturb/pdfs/dens-vw-dyntimes.png>
Package pdftex.def Info: ./fig/plots/stirturb/pdfs/dens-vw-dyntimes.png used on
 input line 289.
(pdftex.def)             Requested size: 483.69684pt x 239.5886pt.

<./fig/plots/stirturb/pdfs/evol-sonic-mach.png, id=1301, 719.68875pt x 392.4662
5pt>
File: ./fig/plots/stirturb/pdfs/evol-sonic-mach.png Graphic file (type png)
 <use ./fig/plots/stirturb/pdfs/evol-sonic-mach.png>
Package pdftex.def Info: ./fig/plots/stirturb/pdfs/evol-sonic-mach.png used on 
input line 316.
(pdftex.def)             Requested size: 483.69684pt x 263.78342pt.
LaTeX Font Info:    Calculating math sizes for size <11.38109> on input line 32
6.
LaTeX Font Info:    External font `lmex10' loaded for size
(Font)              <11.38109> on input line 326.
LaTeX Font Info:    External font `lmex10' loaded for size
(Font)              <7.96672> on input line 326.
LaTeX Font Info:    External font `lmex10' loaded for size
(Font)              <5.69054> on input line 326.
 [45 <./fig/plots/stirturb/pdfs/dens-vw-dyntimes.png>]
<./fig/plots/stirturb/pdfs/vels-vw-dyntimes.png, id=1318, 859.21pt x 425.59pt>
File: ./fig/plots/stirturb/pdfs/vels-vw-dyntimes.png Graphic file (type png)

<use ./fig/plots/stirturb/pdfs/vels-vw-dyntimes.png>
Package pdftex.def Info: ./fig/plots/stirturb/pdfs/vels-vw-dyntimes.png used on
 input line 368.
(pdftex.def)             Requested size: 483.69684pt x 239.5886pt.
 [46 <./fig/plots/stirturb/pdfs/evol-sonic-mach.png>]
<./fig/plots/stirturb/evolutions/rmsv-max.png, id=1326, 730.73pt x 392.46625pt>
File: ./fig/plots/stirturb/evolutions/rmsv-max.png Graphic file (type png)
<use ./fig/plots/stirturb/evolutions/rmsv-max.png>
Package pdftex.def Info: ./fig/plots/stirturb/evolutions/rmsv-max.png used on i
nput line 372.
(pdftex.def)             Requested size: 483.69684pt x 259.78905pt.
 [47 <./fig/plots/stirturb/pdfs/vels-vw-dyntimes.png> <./fig/plots/stirturb/evo
lutions/rmsv-max.png>]
<./fig/plots/stirturb/pdfs/vels-mw-turb-phase.png, id=1336, 859.21pt x 425.59pt
>
File: ./fig/plots/stirturb/pdfs/vels-mw-turb-phase.png Graphic file (type png)
 <use ./fig/plots/stirturb/pdfs/vels-mw-turb-phase.png>
Package pdftex.def Info: ./fig/plots/stirturb/pdfs/vels-mw-turb-phase.png used 
on input line 391.
(pdftex.def)             Requested size: 483.69684pt x 239.5886pt.

<./fig/plots/stirturb/powerspectra/ekin-dyntimes.png, id=1343, 871.255pt x 425.
59pt>
File: ./fig/plots/stirturb/powerspectra/ekin-dyntimes.png Graphic file (type pn
g)
 <use ./fig/plots/stirturb/powerspectra/ekin-dyntimes.png>
Package pdftex.def Info: ./fig/plots/stirturb/powerspectra/ekin-dyntimes.png us
ed on input line 428.
(pdftex.def)             Requested size: 483.69684pt x 236.27017pt.
 [48 <./fig/plots/stirturb/pdfs/vels-mw-turb-phase.png>]
<./fig/plots/stirturb/powerspectra/rmsv-vw-dyntimes.png, id=1356, 871.255pt x 4
25.59pt>
File: ./fig/plots/stirturb/powerspectra/rmsv-vw-dyntimes.png Graphic file (type
 png)
 <use ./fig/plots/stirturb/powerspectra/rmsv-vw-dyntimes.png>
Package pdftex.def Info: ./fig/plots/stirturb/powerspectra/rmsv-vw-dyntimes.png
 used on input line 459.
(pdftex.def)             Requested size: 483.69684pt x 236.27017pt.

<./fig/plots/stirturb/powerspectra/rmsv-mw-dyntimes.png, id=1359, 871.255pt x 4
25.59pt>
File: ./fig/plots/stirturb/powerspectra/rmsv-mw-dyntimes.png Graphic file (type
 png)
 <use ./fig/plots/stirturb/powerspectra/rmsv-mw-dyntimes.png>
Package pdftex.def Info: ./fig/plots/stirturb/powerspectra/rmsv-mw-dyntimes.png
 used on input line 467.
(pdftex.def)             Requested size: 483.69684pt x 236.27017pt.
 [49 <./fig/plots/stirturb/powerspectra/ekin-dyntimes.png>]
<./fig/plots/stirturb/powerspectra/evol-slopes-vw-velocity.png, id=1367, 738.76
pt x 392.46625pt>
File: ./fig/plots/stirturb/powerspectra/evol-slopes-vw-velocity.png Graphic fil
e (type png)

<use ./fig/plots/stirturb/powerspectra/evol-slopes-vw-velocity.png>
Package pdftex.def Info: ./fig/plots/stirturb/powerspectra/evol-slopes-vw-veloc
ity.png used on input line 470.
(pdftex.def)             Requested size: 483.69684pt x 256.96246pt.
 [50 <./fig/plots/stirturb/powerspectra/rmsv-vw-dyntimes.png> <./fig/plots/stir
turb/powerspectra/rmsv-mw-dyntimes.png>]
LaTeX Font Info:    Calculating math sizes for size <8.53581> on input line 484
.
LaTeX Font Info:    External font `lmex10' loaded for size
(Font)              <8.53581> on input line 484.
LaTeX Font Info:    External font `lmex10' loaded for size
(Font)              <5.97504> on input line 484.
LaTeX Font Info:    External font `lmex10' loaded for size
(Font)              <4.2679> on input line 484.
 [51 <./fig/plots/stirturb/powerspectra/evol-slopes-vw-velocity.png>]) [52] (./
sections/04-results/03-decaying.tex
<./fig/plots/decayturb/evol-sonic-mach.png, id=1399, 725.71124pt x 392.46625pt>
File: ./fig/plots/decayturb/evol-sonic-mach.png Graphic file (type png)
<use ./fig/plots/decayturb/evol-sonic-mach.png>
Package pdftex.def Info: ./fig/plots/decayturb/evol-sonic-mach.png used on inpu
t line 49.
(pdftex.def)             Requested size: 483.69684pt x 261.5916pt.
 [53 <./fig/plots/decayturb/evol-sonic-mach.png>]
<./fig/plots/decayturb/decay-01-01.png, id=1412, 1417.9374pt x 1949.1219pt>
File: ./fig/plots/decayturb/decay-01-01.png Graphic file (type png)

<use ./fig/plots/decayturb/decay-01-01.png>
Package pdftex.def Info: ./fig/plots/decayturb/decay-01-01.png used on input li
ne 81.
(pdftex.def)             Requested size: 483.69684pt x 664.89354pt.
 [54]
<./fig/plots/decayturb/decay-01-02.png, id=1417, 1417.9374pt x 1949.1219pt>
File: ./fig/plots/decayturb/decay-01-02.png Graphic file (type png)

<use ./fig/plots/decayturb/decay-01-02.png>
Package pdftex.def Info: ./fig/plots/decayturb/decay-01-02.png used on input li
ne 85.
(pdftex.def)             Requested size: 483.69684pt x 664.89354pt.
 [55 <./fig/plots/decayturb/decay-01-01.png>]
<./fig/plots/decayturb/decay-01-03.png, id=1423, 1417.9374pt x 1299.4146pt>
File: ./fig/plots/decayturb/decay-01-03.png Graphic file (type png)

<use ./fig/plots/decayturb/decay-01-03.png>
Package pdftex.def Info: ./fig/plots/decayturb/decay-01-03.png used on input li
ne 89.
(pdftex.def)             Requested size: 483.69684pt x 443.26236pt.
 [56 <./fig/plots/decayturb/decay-01-02.png>]
<./fig/plots/decayturb/decay-02-01.png, id=1431, 1417.9374pt x 1949.1219pt>
File: ./fig/plots/decayturb/decay-02-01.png Graphic file (type png)

<use ./fig/plots/decayturb/decay-02-01.png>
Package pdftex.def Info: ./fig/plots/decayturb/decay-02-01.png used on input li
ne 93.
(pdftex.def)             Requested size: 483.69684pt x 664.89354pt.
 [57 <./fig/plots/decayturb/decay-01-03.png>]
<./fig/plots/decayturb/decay-02-02.png, id=1437, 1417.9374pt x 1949.1219pt>
File: ./fig/plots/decayturb/decay-02-02.png Graphic file (type png)

<use ./fig/plots/decayturb/decay-02-02.png>
Package pdftex.def Info: ./fig/plots/decayturb/decay-02-02.png used on input li
ne 97.
(pdftex.def)             Requested size: 483.69684pt x 664.89354pt.
 [58 <./fig/plots/decayturb/decay-02-01.png>]
<./fig/plots/decayturb/decay-02-03.png, id=1443, 1417.9374pt x 1299.4146pt>
File: ./fig/plots/decayturb/decay-02-03.png Graphic file (type png)

<use ./fig/plots/decayturb/decay-02-03.png>
Package pdftex.def Info: ./fig/plots/decayturb/decay-02-03.png used on input li
ne 101.
(pdftex.def)             Requested size: 483.69684pt x 443.26236pt.
 [59 <./fig/plots/decayturb/decay-02-02.png>]
<./fig/plots/decayturb/decay-03-01.png, id=1449, 1417.9374pt x 1949.1219pt>
File: ./fig/plots/decayturb/decay-03-01.png Graphic file (type png)

<use ./fig/plots/decayturb/decay-03-01.png>
Package pdftex.def Info: ./fig/plots/decayturb/decay-03-01.png used on input li
ne 105.
(pdftex.def)             Requested size: 483.69684pt x 664.89354pt.
 [60 <./fig/plots/decayturb/decay-02-03.png>]
<./fig/plots/decayturb/decay-03-02.png, id=1455, 1417.9374pt x 1949.1219pt>
File: ./fig/plots/decayturb/decay-03-02.png Graphic file (type png)

<use ./fig/plots/decayturb/decay-03-02.png>
Package pdftex.def Info: ./fig/plots/decayturb/decay-03-02.png used on input li
ne 109.
(pdftex.def)             Requested size: 483.69684pt x 664.89354pt.
 [61 <./fig/plots/decayturb/decay-03-01.png>]
<./fig/plots/decayturb/decay-03-03.png, id=1461, 1417.9374pt x 1299.4146pt>
File: ./fig/plots/decayturb/decay-03-03.png Graphic file (type png)

<use ./fig/plots/decayturb/decay-03-03.png>
Package pdftex.def Info: ./fig/plots/decayturb/decay-03-03.png used on input li
ne 113.
(pdftex.def)             Requested size: 483.69684pt x 443.26236pt.
 [62 <./fig/plots/decayturb/decay-03-02.png>] [63 <./fig/plots/decayturb/decay-
03-03.png>]
<./fig/plots/decayturb/evol-fv.png, id=1475, 729.72626pt x 392.46625pt>
File: ./fig/plots/decayturb/evol-fv.png Graphic file (type png)

<use ./fig/plots/decayturb/evol-fv.png>
Package pdftex.def Info: ./fig/plots/decayturb/evol-fv.png used on input line 1
28.
(pdftex.def)             Requested size: 483.69684pt x 260.14238pt.

<./fig/plots/decayturb/evol-ener.png, id=1479, 745.78625pt x 392.46625pt>
File: ./fig/plots/decayturb/evol-ener.png Graphic file (type png)

<use ./fig/plots/decayturb/evol-ener.png>
Package pdftex.def Info: ./fig/plots/decayturb/evol-ener.png used on input line
 152.
(pdftex.def)             Requested size: 483.69684pt x 254.54309pt.

<./fig/plots/decayturb/evol-ekin-diss.png, id=1480, 730.73pt x 392.46625pt>
File: ./fig/plots/decayturb/evol-ekin-diss.png Graphic file (type png)

<use ./fig/plots/decayturb/evol-ekin-diss.png>
Package pdftex.def Info: ./fig/plots/decayturb/evol-ekin-diss.png used on input
 line 157.
(pdftex.def)             Requested size: 483.69684pt x 259.78905pt.
 [64 <./fig/plots/decayturb/evol-fv.png>] [65 <./fig/plots/decayturb/evol-ener.
png> <./fig/plots/decayturb/evol-ekin-diss.png>]
<./fig/plots/decayturb/pdf-vw-dens.png, id=1498, 859.21pt x 425.59pt>
File: ./fig/plots/decayturb/pdf-vw-dens.png Graphic file (type png)

<use ./fig/plots/decayturb/pdf-vw-dens.png>
Package pdftex.def Info: ./fig/plots/decayturb/pdf-vw-dens.png used on input li
ne 190.
(pdftex.def)             Requested size: 483.69684pt x 239.5886pt.

<./fig/plots/decayturb/evol-sonic-mach-pdf.png, id=1501, 725.71124pt x 392.4662
5pt>
File: ./fig/plots/decayturb/evol-sonic-mach-pdf.png Graphic file (type png)
 <use ./fig/plots/decayturb/evol-sonic-mach-pdf.png>
Package pdftex.def Info: ./fig/plots/decayturb/evol-sonic-mach-pdf.png used on 
input line 201.
(pdftex.def)             Requested size: 483.69684pt x 261.5916pt.

<./fig/plots/decayturb/pdf-vw-vels.png, id=1504, 859.21pt x 425.59pt>
File: ./fig/plots/decayturb/pdf-vw-vels.png Graphic file (type png)

<use ./fig/plots/decayturb/pdf-vw-vels.png>
Package pdftex.def Info: ./fig/plots/decayturb/pdf-vw-vels.png used on input li
ne 207.
(pdftex.def)             Requested size: 483.69684pt x 239.5886pt.
 [66 <./fig/plots/decayturb/pdf-vw-dens.png>]
<./fig/plots/decayturb/pws-ekin-dyntimes.png, id=1514, 859.21pt x 425.59pt>
File: ./fig/plots/decayturb/pws-ekin-dyntimes.png Graphic file (type png)

<use ./fig/plots/decayturb/pws-ekin-dyntimes.png>
Package pdftex.def Info: ./fig/plots/decayturb/pws-ekin-dyntimes.png used on in
put line 230.
(pdftex.def)             Requested size: 483.69684pt x 239.5886pt.
 [67 <./fig/plots/decayturb/evol-sonic-mach-pdf.png> <./fig/plots/decayturb/pdf
-vw-vels.png>]
<./fig/plots/decayturb/pws-vw-vels-dyntimes.png, id=1525, 859.21pt x 425.59pt>
File: ./fig/plots/decayturb/pws-vw-vels-dyntimes.png Graphic file (type png)

<use ./fig/plots/decayturb/pws-vw-vels-dyntimes.png>
Package pdftex.def Info: ./fig/plots/decayturb/pws-vw-vels-dyntimes.png used on
 input line 249.
(pdftex.def)             Requested size: 483.69684pt x 239.5886pt.
 [68 <./fig/plots/decayturb/pws-ekin-dyntimes.png>]
<./fig/plots/decayturb/pws-mw-vels-dyntimes.png, id=1533, 859.21pt x 425.59pt>
File: ./fig/plots/decayturb/pws-mw-vels-dyntimes.png Graphic file (type png)

<use ./fig/plots/decayturb/pws-mw-vels-dyntimes.png>
Package pdftex.def Info: ./fig/plots/decayturb/pws-mw-vels-dyntimes.png used on
 input line 259.
(pdftex.def)             Requested size: 483.69684pt x 239.5886pt.
 [69 <./fig/plots/decayturb/pws-vw-vels-dyntimes.png> <./fig/plots/decayturb/pw
s-mw-vels-dyntimes.png>])
[70]) (./sections/05-conclusion/main.tex [71] [72]) (aux/main.bbl [73] [74]
[75])
Package atveryend Info: Empty hook `BeforeClearDocument' on input line 27.
 [76]
Package atveryend Info: Empty hook `AfterLastShipout' on input line 27.
 (aux/main.aux)
Package atveryend Info: Executing hook `AtVeryEndDocument' on input line 27.
Package atveryend Info: Executing hook `AtEndAfterFileList' on input line 27.
Package rerunfilecheck Info: File `main.out' has not changed.
(rerunfilecheck)             Checksum: <no file>.


LaTeX Font Warning: Some font shapes were not available, defaults substituted.

Package atveryend Info: Empty hook `AtVeryVeryEnd' on input line 27.
 ) 
Here is how much of TeX's memory you used:
 12613 strings out of 493013
 205838 string characters out of 6139317
 412900 words of memory out of 5000000
 15399 multiletter control sequences out of 15000+600000
 183821 words of font info for 123 fonts, out of 8000000 for 9000
 1141 hyphenation exceptions out of 8191
 43i,14n,51p,8832b,433s stack positions out of 5000i,500n,10000p,200000b,80000s
pdfTeX warning (dest): name{Hfootnote.2} has been referenced but does not exi
st, replaced by a fixed one

pdfTeX warning (dest): name{Hfootnote.1} has been referenced but does not exist
, replaced by a fixed one

{/usr/share/texmf-dist/fonts/enc/dvips/lm/lm-ec.enc}{/usr/share/texmf-dist/font
s/enc/dvips/lm/lm-mathsy.enc}{/usr/share/texmf-dist/fonts/enc/dvips/lm/lm-mathi
t.enc}{/usr/share/texmf-dist/fonts/enc/dvips/lm/lm-rm.enc}{/usr/share/texmf-dis
t/fonts/enc/dvips/lm/lm-mathex.enc}</usr/share/texmf-dist/fonts/type1/public/lm
/lmbx10.pfb></usr/share/texmf-dist/fonts/type1/public/lm/lmbx12.pfb></usr/share
/texmf-dist/fonts/type1/public/lm/lmbx8.pfb></usr/share/texmf-dist/fonts/type1/
public/lm/lmcsc10.pfb></usr/share/texmf-dist/fonts/type1/public/lm/lmex10.pfb><
/usr/share/texmf-dist/fonts/type1/public/lm/lmmi10.pfb></usr/share/texmf-dist/f
onts/type1/public/lm/lmmi12.pfb></usr/share/texmf-dist/fonts/type1/public/lm/lm
mi6.pfb></usr/share/texmf-dist/fonts/type1/public/lm/lmmi8.pfb></usr/share/texm
f-dist/fonts/type1/public/lm/lmmi9.pfb></usr/share/texmf-dist/fonts/type1/publi
c/lm/lmr10.pfb></usr/share/texmf-dist/fonts/type1/public/lm/lmr12.pfb></usr/sha
re/texmf-dist/fonts/type1/public/lm/lmr6.pfb></usr/share/texmf-dist/fonts/type1
/public/lm/lmr7.pfb></usr/share/texmf-dist/fonts/type1/public/lm/lmr8.pfb></usr
/share/texmf-dist/fonts/type1/public/lm/lmr9.pfb></usr/share/texmf-dist/fonts/t
ype1/public/lm/lmri10.pfb></usr/share/texmf-dist/fonts/type1/public/lm/lmri12.p
fb></usr/share/texmf-dist/fonts/type1/public/lm/lmssbx10.pfb></usr/share/texmf-
dist/fonts/type1/public/lm/lmsy10.pfb></usr/share/texmf-dist/fonts/type1/public
/lm/lmsy8.pfb></usr/share/texmf-dist/fonts/type1/public/lm/lmsy9.pfb></usr/shar
e/texmf-dist/fonts/type1/public/amsfonts/symbols/msam10.pfb></usr/share/texmf-d
ist/fonts/type1/public/amsfonts/symbols/msbm10.pfb>
Output written on aux/main.pdf (93 pages, 33171093 bytes).
PDF statistics:
 1776 PDF objects out of 2073 (max. 8388607)
 1523 compressed objects within 16 object streams
 397 named destinations out of 1000 (max. 500000)
 621 words of extra memory for PDF output out of 10000 (max. 10000000)

